2025-10-07 16:25:35.747 [background-preinit] INFO  o.h.validator.internal.util.Version - HV000001: Hibernate Validator 8.0.1.Final
2025-10-07 16:25:35.765 [main] INFO  com.example.ingle.IngleApplication - Starting IngleApplication using Java 17.0.12 with PID 9673 (/Users/dongkyun/Project/Ingle(잉글)/ingle-server/build/classes/java/main started by dongkyun in /Users/dongkyun/Project/Ingle(잉글)/ingle-server)
2025-10-07 16:25:35.766 [main] INFO  com.example.ingle.IngleApplication - The following 1 profile is active: "local"
2025-10-07 16:25:36.402 [main] INFO  o.s.d.r.c.RepositoryConfigurationDelegate - Multiple Spring Data modules found, entering strict repository configuration mode
2025-10-07 16:25:36.402 [main] INFO  o.s.d.r.c.RepositoryConfigurationDelegate - Bootstrapping Spring Data JPA repositories in DEFAULT mode.
2025-10-07 16:25:36.495 [main] INFO  o.s.d.r.c.RepositoryConfigurationDelegate - Finished Spring Data repository scanning in 88 ms. Found 10 JPA repository interfaces.
2025-10-07 16:25:36.618 [main] INFO  o.s.d.r.c.RepositoryConfigurationDelegate - Multiple Spring Data modules found, entering strict repository configuration mode
2025-10-07 16:25:36.619 [main] INFO  o.s.d.r.c.RepositoryConfigurationDelegate - Bootstrapping Spring Data Redis repositories in DEFAULT mode.
2025-10-07 16:25:36.640 [main] INFO  o.s.d.r.c.RepositoryConfigurationExtensionSupport - Spring Data Redis - Could not safely identify store assignment for repository candidate interface com.example.ingle.domain.building.repository.BuildingRepository; If you want this repository to be a Redis repository, consider annotating your entities with one of these annotations: org.springframework.data.redis.core.RedisHash (preferred), or consider extending one of the following types with your repository: org.springframework.data.keyvalue.repository.KeyValueRepository
2025-10-07 16:25:36.641 [main] INFO  o.s.d.r.c.RepositoryConfigurationExtensionSupport - Spring Data Redis - Could not safely identify store assignment for repository candidate interface com.example.ingle.domain.building.repository.ClosedDayRepository; If you want this repository to be a Redis repository, consider annotating your entities with one of these annotations: org.springframework.data.redis.core.RedisHash (preferred), or consider extending one of the following types with your repository: org.springframework.data.keyvalue.repository.KeyValueRepository
2025-10-07 16:25:36.641 [main] INFO  o.s.d.r.c.RepositoryConfigurationExtensionSupport - Spring Data Redis - Could not safely identify store assignment for repository candidate interface com.example.ingle.domain.feedback.repository.FeedbackRepository; If you want this repository to be a Redis repository, consider annotating your entities with one of these annotations: org.springframework.data.redis.core.RedisHash (preferred), or consider extending one of the following types with your repository: org.springframework.data.keyvalue.repository.KeyValueRepository
2025-10-07 16:25:36.641 [main] INFO  o.s.d.r.c.RepositoryConfigurationExtensionSupport - Spring Data Redis - Could not safely identify store assignment for repository candidate interface com.example.ingle.domain.image.repository.ImageRepository; If you want this repository to be a Redis repository, consider annotating your entities with one of these annotations: org.springframework.data.redis.core.RedisHash (preferred), or consider extending one of the following types with your repository: org.springframework.data.keyvalue.repository.KeyValueRepository
2025-10-07 16:25:36.641 [main] INFO  o.s.d.r.c.RepositoryConfigurationExtensionSupport - Spring Data Redis - Could not safely identify store assignment for repository candidate interface com.example.ingle.domain.member.repository.MemberRepository; If you want this repository to be a Redis repository, consider annotating your entities with one of these annotations: org.springframework.data.redis.core.RedisHash (preferred), or consider extending one of the following types with your repository: org.springframework.data.keyvalue.repository.KeyValueRepository
2025-10-07 16:25:36.641 [main] INFO  o.s.d.r.c.RepositoryConfigurationExtensionSupport - Spring Data Redis - Could not safely identify store assignment for repository candidate interface com.example.ingle.domain.member.repository.WithdrawalReasonRepository; If you want this repository to be a Redis repository, consider annotating your entities with one of these annotations: org.springframework.data.redis.core.RedisHash (preferred), or consider extending one of the following types with your repository: org.springframework.data.keyvalue.repository.KeyValueRepository
2025-10-07 16:25:36.642 [main] INFO  o.s.d.r.c.RepositoryConfigurationExtensionSupport - Spring Data Redis - Could not safely identify store assignment for repository candidate interface com.example.ingle.domain.stamp.repository.MemberStampRepository; If you want this repository to be a Redis repository, consider annotating your entities with one of these annotations: org.springframework.data.redis.core.RedisHash (preferred), or consider extending one of the following types with your repository: org.springframework.data.keyvalue.repository.KeyValueRepository
2025-10-07 16:25:36.642 [main] INFO  o.s.d.r.c.RepositoryConfigurationExtensionSupport - Spring Data Redis - Could not safely identify store assignment for repository candidate interface com.example.ingle.domain.stamp.repository.StampRepository; If you want this repository to be a Redis repository, consider annotating your entities with one of these annotations: org.springframework.data.redis.core.RedisHash (preferred), or consider extending one of the following types with your repository: org.springframework.data.keyvalue.repository.KeyValueRepository
2025-10-07 16:25:36.642 [main] INFO  o.s.d.r.c.RepositoryConfigurationExtensionSupport - Spring Data Redis - Could not safely identify store assignment for repository candidate interface com.example.ingle.domain.tutorial.repository.TutorialRepository; If you want this repository to be a Redis repository, consider annotating your entities with one of these annotations: org.springframework.data.redis.core.RedisHash (preferred), or consider extending one of the following types with your repository: org.springframework.data.keyvalue.repository.KeyValueRepository
2025-10-07 16:25:36.642 [main] INFO  o.s.d.r.c.RepositoryConfigurationExtensionSupport - Spring Data Redis - Could not safely identify store assignment for repository candidate interface com.example.ingle.global.jwt.refreshToken.RefreshTokenRepository; If you want this repository to be a Redis repository, consider annotating your entities with one of these annotations: org.springframework.data.redis.core.RedisHash (preferred), or consider extending one of the following types with your repository: org.springframework.data.keyvalue.repository.KeyValueRepository
2025-10-07 16:25:36.642 [main] INFO  o.s.d.r.c.RepositoryConfigurationDelegate - Finished Spring Data repository scanning in 17 ms. Found 0 Redis repository interfaces.
2025-10-07 16:25:36.996 [main] INFO  o.s.b.w.e.tomcat.TomcatWebServer - Tomcat initialized with port 8080 (http)
2025-10-07 16:25:37.000 [main] INFO  o.a.coyote.http11.Http11NioProtocol - Initializing ProtocolHandler ["http-nio-8080"]
2025-10-07 16:25:37.002 [main] INFO  o.a.catalina.core.StandardService - Starting service [Tomcat]
2025-10-07 16:25:37.002 [main] INFO  o.a.catalina.core.StandardEngine - Starting Servlet engine: [Apache Tomcat/10.1.28]
2025-10-07 16:25:37.023 [main] INFO  o.a.c.c.C.[Tomcat].[localhost].[/] - Initializing Spring embedded WebApplicationContext
2025-10-07 16:25:37.023 [main] INFO  o.s.b.w.s.c.ServletWebServerApplicationContext - Root WebApplicationContext: initialization completed in 1242 ms
2025-10-07 16:25:37.094 [main] INFO  o.h.jpa.internal.util.LogHelper - HHH000204: Processing PersistenceUnitInfo [name: mysql]
2025-10-07 16:25:37.122 [main] INFO  org.hibernate.Version - HHH000412: Hibernate ORM core version 6.5.2.Final
2025-10-07 16:25:37.138 [main] INFO  o.h.c.i.RegionFactoryInitiator - HHH000026: Second-level cache disabled
2025-10-07 16:25:37.318 [main] INFO  o.s.o.j.p.SpringPersistenceUnitInfo - No LoadTimeWeaver setup: ignoring JPA class transformer
2025-10-07 16:25:37.329 [main] INFO  com.zaxxer.hikari.HikariDataSource - HikariPool-1 - Starting...
2025-10-07 16:25:37.482 [main] INFO  com.zaxxer.hikari.pool.HikariPool - HikariPool-1 - Added connection com.mysql.cj.jdbc.ConnectionImpl@15c3849f
2025-10-07 16:25:37.483 [main] INFO  com.zaxxer.hikari.HikariDataSource - HikariPool-1 - Start completed.
2025-10-07 16:25:37.525 [main] WARN  org.hibernate.orm.deprecation - HHH90000025: MySQLDialect does not need to be specified explicitly using 'hibernate.dialect' (remove the property setting and it will be selected by default)
2025-10-07 16:25:38.021 [main] INFO  o.h.e.t.j.p.i.JtaPlatformInitiator - HHH000489: No JTA platform available (set 'hibernate.transaction.jta.platform' to enable JTA platform integration)
2025-10-07 16:25:38.064 [main] DEBUG org.hibernate.SQL - 
    alter table Building 
       modify column building_category enum ('BUS_STOP','CAFE','CONVENIENCE_STORE','RESTAURANT','SCHOOL_BUILDING','SMOKING_BOOTH') not null
2025-10-07 16:25:38.089 [main] DEBUG org.hibernate.SQL - 
    alter table closed_day 
       modify column closed_day enum ('FRIDAY','MONDAY','NONE','SATURDAY','SUNDAY','THURSDAY','TUESDAY','WEDNESDAY') not null
2025-10-07 16:25:38.095 [main] DEBUG org.hibernate.SQL - 
    alter table Member 
       modify column country enum ('AFGHANISTAN','ANGOLA','AUSTRALIA','AUSTRIA','AZERBAIJAN','BANGLADESH','BELGIUM','BOLIVIA','BRAZIL','CAMBODIA','CANADA','CHILE','CHINA','COSTA_RICA','COTE_DIVOIRE','CROATIA','CZECH_REPUBLIC','DENMARK','DOMINICAN_REPUBLIC','EGYPT','ETHIOPIA','FINLAND','FRANCE','GABON','GEORGIA','GERMANY','GHANA','GUATEMALA','HONDURAS','HUNGARY','INDIA','INDONESIA','ISRAEL','ITALY','JAPAN','KAZAKHSTAN','KYRGYZSTAN','LAOS','LATVIA','MALAYSIA','MEXICO','MOLDOVA','MONGOLIA','NEPAL','NETHERLANDS','NEW_ZEALAND','PAKISTAN','PANAMA','PARAGUAY','PERU','PHILIPPINES','POLAND','PORTUGAL','ROMANIA','RWANDA','SENEGAL','SINGAPORE','SLOVENIA','SOUTH_AFRICA','SOUTH_KOREA','SPAIN','SRI_LANKA','SWITZERLAND','TAIWAN','TANZANIA','THAILAND','TURKEY','UKRAINE','UNITED_ARAB_EMIRATES','UNITED_KINGDOM','UNITED_STATES','UZBEKISTAN','VENEZUELA','VIETNAM','ZAMBIA') not null
2025-10-07 16:25:38.108 [main] DEBUG org.hibernate.SQL - 
    alter table Member 
       modify column department enum ('ARCHITECTURE','ARTIFICIAL_INTELLIGENCE','ART_EDUCATION','BEAUTY_INDUSTRY','BIOENGINEERING','BIO_HEALTH_CONVERGENCE','BIO_NANO_ENGINEERING','BIO_ROBOTICS_ENGINEERING','BUSINESS_ADMINISTRATION','CHEMISTRY','CHILD_ART_THERAPY','CHINESE_STUDIES','CIVIL_ENVIRONMENT_ENGINEERING','CLIMATE_INTERNATIONAL_COOPERATION','CLOTHING_TEXTILES','COMPUTER_ENGINEERING','CONSUMER_SCIENCE','CONVERGENCE','CONVERGENCE_DESIGN','COUNSELING_PSYCHOLOGY','CREATIVE_HRD','CREATIVITY_GIFTED_EDUCATION','CRISIS_MANAGEMENT','DATA_SCIENCE','DESIGN','DESIGN_ART','EARLY_CHILDHOOD_EDUCATION','ECONOMICS','EDUCATION','EDUCATION_ADMINISTRATION_LEADERSHIP','ELECTRICAL_ENGINEERING','ELECTRONICS_ENGINEERING','EMBEDDED_SYSTEM','ENERGY_CHEMICAL','ENGLISH_EDUCATION','ENGLISH_LITERATURE','ENVIRONMENTAL_ENERGY_ENGINEERING','ETHICS','ETHICS_EDUCATION','FASHION_INDUSTRY','FINE_ART','FINE_ARTS','FRENCH_STUDIES','FUTURE_MOBILITY','GENERAL_PUBLIC_ADMINISTRATION','GERMAN_STUDIES','HEALTH_EXERCISE','HISTORY_EDUCATION','IBE','INDUSTRIAL_MANAGEMENT','INFORMATION_COMMUNICATION_ENGINEERING','INSTRUCTIONAL_DESIGN_CONSULTING','INTELLIGENT_SEMICONDUCTOR','INTERNATIONAL_LIBERAL_ARTS','JAPANESE_EDUCATION','JAPANESE_LITERATURE','JUDICIAL_ADMINISTRATION','KOREAN_EDUCATION','KOREAN_EDUCATION_STUDIES','KOREAN_LITERATURE','LAW','LEGISLATIVE_SECURITY_STUDIES','LIBERAL_ARTS','LIBRARY_INFO','LIFELONG_VOCATIONAL_EDUCATION','LIFE_SCIENCE','LOCAL_CULTURE','LOGISTICS_MANAGEMENT','LOGISTICS_SYSTEM','MARINE_SCIENCE','MATERIAL_SCIENCE','MATHEMATICS','MATH_EDUCATION','MECHANICAL_EDUCATION','MECHANICAL_ENGINEERING','MECHATRONICS_ENGINEERING','MEDIA_COMMUNICATION','MEDIA_EDUCATION','NATURE_EARLY_EDUCATION','NORTHEAST_ASIAN_TRADE','PERFORMING_ART','PHYSICAL','PHYSICAL_EDUCATION','PHYSICS','POLITICS_DIPLOMACY','PUBLIC_ADMINISTRATION','SAFETY_ENGINEERING','SMART_LOGISTICS_ENGINEERING','SOCIAL_WELFARE','SPORTS_CULTURE_ADMINISTRATION','SPORTS_SCIENCE','TAX_ACCOUNTING','TECHNO_MANAGEMENT','TOURISM_CONVENTION_ENTERTAINMENT','TRADE','URBAN_ADMINISTRATION','URBAN_ARCHITECTURE','URBAN_CONSTRUCTION_ENGINEERING','URBAN_CONVERGENCE','URBAN_ENGINEERING','URBAN_POLICY_PLANNING') not null
2025-10-07 16:25:38.116 [main] DEBUG org.hibernate.SQL - 
    alter table Member 
       modify column role enum ('ADMIN','BANNED','USER') not null
2025-10-07 16:25:38.125 [main] DEBUG org.hibernate.SQL - 
    alter table Member 
       modify column studentType enum ('EXCHANGE','GRADUATE','LANGUAGE','OTHER','UNDERGRADUATE') not null
2025-10-07 16:25:38.146 [main] INFO  o.s.o.j.LocalContainerEntityManagerFactoryBean - Initialized JPA EntityManagerFactory for persistence unit 'mysql'
2025-10-07 16:25:38.338 [main] INFO  o.s.d.j.r.query.QueryEnhancerFactory - Hibernate is in classpath; If applicable, HQL parser will be used.
2025-10-07 16:25:38.861 [main] WARN  o.s.b.a.o.j.JpaBaseConfiguration$JpaWebConfiguration - spring.jpa.open-in-view is enabled by default. Therefore, database queries may be performed during view rendering. Explicitly configure spring.jpa.open-in-view to disable this warning
2025-10-07 16:25:38.875 [main] INFO  o.s.s.c.a.a.c.InitializeUserDetailsBeanManagerConfigurer$InitializeUserDetailsManagerConfigurer - Global AuthenticationManager configured with UserDetailsService bean with name memberDetailService
2025-10-07 16:25:39.210 [main] INFO  o.a.coyote.http11.Http11NioProtocol - Starting ProtocolHandler ["http-nio-8080"]
2025-10-07 16:25:39.219 [main] INFO  o.s.b.w.e.tomcat.TomcatWebServer - Tomcat started on port 8080 (http) with context path '/'
2025-10-07 16:25:39.224 [main] INFO  com.example.ingle.IngleApplication - Started IngleApplication in 3.677 seconds (process running for 3.963)
2025-10-07 16:25:40.854 [SpringApplicationShutdownHook] INFO  o.s.o.j.LocalContainerEntityManagerFactoryBean - Closing JPA EntityManagerFactory for persistence unit 'mysql'
2025-10-07 16:25:40.855 [SpringApplicationShutdownHook] INFO  com.zaxxer.hikari.HikariDataSource - HikariPool-1 - Shutdown initiated...
2025-10-07 16:25:40.856 [SpringApplicationShutdownHook] INFO  com.zaxxer.hikari.HikariDataSource - HikariPool-1 - Shutdown completed.
2025-10-07 16:53:14.766 [background-preinit] INFO  o.h.validator.internal.util.Version - HV000001: Hibernate Validator 8.0.1.Final
2025-10-07 16:53:14.791 [main] INFO  com.example.ingle.IngleApplication - Starting IngleApplication using Java 17.0.12 with PID 12045 (/Users/dongkyun/Project/Ingle(잉글)/ingle-server/build/classes/java/main started by dongkyun in /Users/dongkyun/Project/Ingle(잉글)/ingle-server)
2025-10-07 16:53:14.792 [main] INFO  com.example.ingle.IngleApplication - The following 1 profile is active: "local"
2025-10-07 16:53:15.204 [main] INFO  o.s.d.r.c.RepositoryConfigurationDelegate - Multiple Spring Data modules found, entering strict repository configuration mode
2025-10-07 16:53:15.204 [main] INFO  o.s.d.r.c.RepositoryConfigurationDelegate - Bootstrapping Spring Data JPA repositories in DEFAULT mode.
2025-10-07 16:53:15.293 [main] INFO  o.s.d.r.c.RepositoryConfigurationDelegate - Finished Spring Data repository scanning in 85 ms. Found 10 JPA repository interfaces.
2025-10-07 16:53:15.460 [main] INFO  o.s.d.r.c.RepositoryConfigurationDelegate - Multiple Spring Data modules found, entering strict repository configuration mode
2025-10-07 16:53:15.460 [main] INFO  o.s.d.r.c.RepositoryConfigurationDelegate - Bootstrapping Spring Data Redis repositories in DEFAULT mode.
2025-10-07 16:53:15.475 [main] INFO  o.s.d.r.c.RepositoryConfigurationExtensionSupport - Spring Data Redis - Could not safely identify store assignment for repository candidate interface com.example.ingle.domain.building.repository.BuildingRepository; If you want this repository to be a Redis repository, consider annotating your entities with one of these annotations: org.springframework.data.redis.core.RedisHash (preferred), or consider extending one of the following types with your repository: org.springframework.data.keyvalue.repository.KeyValueRepository
2025-10-07 16:53:15.475 [main] INFO  o.s.d.r.c.RepositoryConfigurationExtensionSupport - Spring Data Redis - Could not safely identify store assignment for repository candidate interface com.example.ingle.domain.building.repository.ClosedDayRepository; If you want this repository to be a Redis repository, consider annotating your entities with one of these annotations: org.springframework.data.redis.core.RedisHash (preferred), or consider extending one of the following types with your repository: org.springframework.data.keyvalue.repository.KeyValueRepository
2025-10-07 16:53:15.475 [main] INFO  o.s.d.r.c.RepositoryConfigurationExtensionSupport - Spring Data Redis - Could not safely identify store assignment for repository candidate interface com.example.ingle.domain.feedback.repository.FeedbackRepository; If you want this repository to be a Redis repository, consider annotating your entities with one of these annotations: org.springframework.data.redis.core.RedisHash (preferred), or consider extending one of the following types with your repository: org.springframework.data.keyvalue.repository.KeyValueRepository
2025-10-07 16:53:15.475 [main] INFO  o.s.d.r.c.RepositoryConfigurationExtensionSupport - Spring Data Redis - Could not safely identify store assignment for repository candidate interface com.example.ingle.domain.image.repository.ImageRepository; If you want this repository to be a Redis repository, consider annotating your entities with one of these annotations: org.springframework.data.redis.core.RedisHash (preferred), or consider extending one of the following types with your repository: org.springframework.data.keyvalue.repository.KeyValueRepository
2025-10-07 16:53:15.475 [main] INFO  o.s.d.r.c.RepositoryConfigurationExtensionSupport - Spring Data Redis - Could not safely identify store assignment for repository candidate interface com.example.ingle.domain.member.repository.MemberRepository; If you want this repository to be a Redis repository, consider annotating your entities with one of these annotations: org.springframework.data.redis.core.RedisHash (preferred), or consider extending one of the following types with your repository: org.springframework.data.keyvalue.repository.KeyValueRepository
2025-10-07 16:53:15.476 [main] INFO  o.s.d.r.c.RepositoryConfigurationExtensionSupport - Spring Data Redis - Could not safely identify store assignment for repository candidate interface com.example.ingle.domain.member.repository.WithdrawalReasonRepository; If you want this repository to be a Redis repository, consider annotating your entities with one of these annotations: org.springframework.data.redis.core.RedisHash (preferred), or consider extending one of the following types with your repository: org.springframework.data.keyvalue.repository.KeyValueRepository
2025-10-07 16:53:15.476 [main] INFO  o.s.d.r.c.RepositoryConfigurationExtensionSupport - Spring Data Redis - Could not safely identify store assignment for repository candidate interface com.example.ingle.domain.stamp.repository.MemberStampRepository; If you want this repository to be a Redis repository, consider annotating your entities with one of these annotations: org.springframework.data.redis.core.RedisHash (preferred), or consider extending one of the following types with your repository: org.springframework.data.keyvalue.repository.KeyValueRepository
2025-10-07 16:53:15.476 [main] INFO  o.s.d.r.c.RepositoryConfigurationExtensionSupport - Spring Data Redis - Could not safely identify store assignment for repository candidate interface com.example.ingle.domain.stamp.repository.StampRepository; If you want this repository to be a Redis repository, consider annotating your entities with one of these annotations: org.springframework.data.redis.core.RedisHash (preferred), or consider extending one of the following types with your repository: org.springframework.data.keyvalue.repository.KeyValueRepository
2025-10-07 16:53:15.476 [main] INFO  o.s.d.r.c.RepositoryConfigurationExtensionSupport - Spring Data Redis - Could not safely identify store assignment for repository candidate interface com.example.ingle.domain.tutorial.repository.TutorialRepository; If you want this repository to be a Redis repository, consider annotating your entities with one of these annotations: org.springframework.data.redis.core.RedisHash (preferred), or consider extending one of the following types with your repository: org.springframework.data.keyvalue.repository.KeyValueRepository
2025-10-07 16:53:15.476 [main] INFO  o.s.d.r.c.RepositoryConfigurationExtensionSupport - Spring Data Redis - Could not safely identify store assignment for repository candidate interface com.example.ingle.global.jwt.refreshToken.RefreshTokenRepository; If you want this repository to be a Redis repository, consider annotating your entities with one of these annotations: org.springframework.data.redis.core.RedisHash (preferred), or consider extending one of the following types with your repository: org.springframework.data.keyvalue.repository.KeyValueRepository
2025-10-07 16:53:15.476 [main] INFO  o.s.d.r.c.RepositoryConfigurationDelegate - Finished Spring Data repository scanning in 11 ms. Found 0 Redis repository interfaces.
2025-10-07 16:53:15.865 [main] INFO  o.s.b.w.e.tomcat.TomcatWebServer - Tomcat initialized with port 8080 (http)
2025-10-07 16:53:15.869 [main] INFO  o.a.coyote.http11.Http11NioProtocol - Initializing ProtocolHandler ["http-nio-8080"]
2025-10-07 16:53:15.870 [main] INFO  o.a.catalina.core.StandardService - Starting service [Tomcat]
2025-10-07 16:53:15.870 [main] INFO  o.a.catalina.core.StandardEngine - Starting Servlet engine: [Apache Tomcat/10.1.28]
2025-10-07 16:53:15.893 [main] INFO  o.a.c.c.C.[Tomcat].[localhost].[/] - Initializing Spring embedded WebApplicationContext
2025-10-07 16:53:15.893 [main] INFO  o.s.b.w.s.c.ServletWebServerApplicationContext - Root WebApplicationContext: initialization completed in 1080 ms
2025-10-07 16:53:15.975 [main] INFO  o.h.jpa.internal.util.LogHelper - HHH000204: Processing PersistenceUnitInfo [name: mysql]
2025-10-07 16:53:16.005 [main] INFO  org.hibernate.Version - HHH000412: Hibernate ORM core version 6.5.2.Final
2025-10-07 16:53:16.022 [main] INFO  o.h.c.i.RegionFactoryInitiator - HHH000026: Second-level cache disabled
2025-10-07 16:53:16.207 [main] INFO  o.s.o.j.p.SpringPersistenceUnitInfo - No LoadTimeWeaver setup: ignoring JPA class transformer
2025-10-07 16:53:16.219 [main] INFO  com.zaxxer.hikari.HikariDataSource - HikariPool-1 - Starting...
2025-10-07 16:53:16.398 [main] INFO  com.zaxxer.hikari.pool.HikariPool - HikariPool-1 - Added connection com.mysql.cj.jdbc.ConnectionImpl@2cc9a948
2025-10-07 16:53:16.399 [main] INFO  com.zaxxer.hikari.HikariDataSource - HikariPool-1 - Start completed.
2025-10-07 16:53:16.462 [main] WARN  org.hibernate.orm.deprecation - HHH90000025: MySQLDialect does not need to be specified explicitly using 'hibernate.dialect' (remove the property setting and it will be selected by default)
2025-10-07 16:53:17.021 [main] INFO  o.h.e.t.j.p.i.JtaPlatformInitiator - HHH000489: No JTA platform available (set 'hibernate.transaction.jta.platform' to enable JTA platform integration)
2025-10-07 16:53:17.386 [main] DEBUG org.hibernate.SQL - 
    alter table Building 
       modify column building_category enum ('BUS_STOP','CAFE','CONVENIENCE_STORE','RESTAURANT','SCHOOL_BUILDING','SMOKING_BOOTH') not null
2025-10-07 16:53:17.416 [main] DEBUG org.hibernate.SQL - 
    alter table closed_day 
       modify column closed_day enum ('FRIDAY','MONDAY','NONE','SATURDAY','SUNDAY','THURSDAY','TUESDAY','WEDNESDAY') not null
2025-10-07 16:53:17.421 [main] DEBUG org.hibernate.SQL - 
    alter table Member 
       modify column country enum ('AFGHANISTAN','ANGOLA','AUSTRALIA','AUSTRIA','AZERBAIJAN','BANGLADESH','BELGIUM','BOLIVIA','BRAZIL','CAMBODIA','CANADA','CHILE','CHINA','COSTA_RICA','COTE_DIVOIRE','CROATIA','CZECH_REPUBLIC','DENMARK','DOMINICAN_REPUBLIC','EGYPT','ETHIOPIA','FINLAND','FRANCE','GABON','GEORGIA','GERMANY','GHANA','GUATEMALA','HONDURAS','HUNGARY','INDIA','INDONESIA','ISRAEL','ITALY','JAPAN','KAZAKHSTAN','KYRGYZSTAN','LAOS','LATVIA','MALAYSIA','MEXICO','MOLDOVA','MONGOLIA','NEPAL','NETHERLANDS','NEW_ZEALAND','PAKISTAN','PANAMA','PARAGUAY','PERU','PHILIPPINES','POLAND','PORTUGAL','ROMANIA','RWANDA','SENEGAL','SINGAPORE','SLOVENIA','SOUTH_AFRICA','SOUTH_KOREA','SPAIN','SRI_LANKA','SWITZERLAND','TAIWAN','TANZANIA','THAILAND','TURKEY','UKRAINE','UNITED_ARAB_EMIRATES','UNITED_KINGDOM','UNITED_STATES','UZBEKISTAN','VENEZUELA','VIETNAM','ZAMBIA') not null
2025-10-07 16:53:17.433 [main] DEBUG org.hibernate.SQL - 
    alter table Member 
       modify column department enum ('ARCHITECTURE','ARTIFICIAL_INTELLIGENCE','ART_EDUCATION','BEAUTY_INDUSTRY','BIOENGINEERING','BIO_HEALTH_CONVERGENCE','BIO_NANO_ENGINEERING','BIO_ROBOTICS_ENGINEERING','BUSINESS_ADMINISTRATION','CHEMISTRY','CHILD_ART_THERAPY','CHINESE_STUDIES','CIVIL_ENVIRONMENT_ENGINEERING','CLIMATE_INTERNATIONAL_COOPERATION','CLOTHING_TEXTILES','COMPUTER_ENGINEERING','CONSUMER_SCIENCE','CONVERGENCE','CONVERGENCE_DESIGN','COUNSELING_PSYCHOLOGY','CREATIVE_HRD','CREATIVITY_GIFTED_EDUCATION','CRISIS_MANAGEMENT','DATA_SCIENCE','DESIGN','DESIGN_ART','EARLY_CHILDHOOD_EDUCATION','ECONOMICS','EDUCATION','EDUCATION_ADMINISTRATION_LEADERSHIP','ELECTRICAL_ENGINEERING','ELECTRONICS_ENGINEERING','EMBEDDED_SYSTEM','ENERGY_CHEMICAL','ENGLISH_EDUCATION','ENGLISH_LITERATURE','ENVIRONMENTAL_ENERGY_ENGINEERING','ETHICS','ETHICS_EDUCATION','FASHION_INDUSTRY','FINE_ART','FINE_ARTS','FRENCH_STUDIES','FUTURE_MOBILITY','GENERAL_PUBLIC_ADMINISTRATION','GERMAN_STUDIES','HEALTH_EXERCISE','HISTORY_EDUCATION','IBE','INDUSTRIAL_MANAGEMENT','INFORMATION_COMMUNICATION_ENGINEERING','INSTRUCTIONAL_DESIGN_CONSULTING','INTELLIGENT_SEMICONDUCTOR','INTERNATIONAL_LIBERAL_ARTS','JAPANESE_EDUCATION','JAPANESE_LITERATURE','JUDICIAL_ADMINISTRATION','KOREAN_EDUCATION','KOREAN_EDUCATION_STUDIES','KOREAN_LITERATURE','LAW','LEGISLATIVE_SECURITY_STUDIES','LIBERAL_ARTS','LIBRARY_INFO','LIFELONG_VOCATIONAL_EDUCATION','LIFE_SCIENCE','LOCAL_CULTURE','LOGISTICS_MANAGEMENT','LOGISTICS_SYSTEM','MARINE_SCIENCE','MATERIAL_SCIENCE','MATHEMATICS','MATH_EDUCATION','MECHANICAL_EDUCATION','MECHANICAL_ENGINEERING','MECHATRONICS_ENGINEERING','MEDIA_COMMUNICATION','MEDIA_EDUCATION','NATURE_EARLY_EDUCATION','NORTHEAST_ASIAN_TRADE','PERFORMING_ART','PHYSICAL','PHYSICAL_EDUCATION','PHYSICS','POLITICS_DIPLOMACY','PUBLIC_ADMINISTRATION','SAFETY_ENGINEERING','SMART_LOGISTICS_ENGINEERING','SOCIAL_WELFARE','SPORTS_CULTURE_ADMINISTRATION','SPORTS_SCIENCE','TAX_ACCOUNTING','TECHNO_MANAGEMENT','TOURISM_CONVENTION_ENTERTAINMENT','TRADE','URBAN_ADMINISTRATION','URBAN_ARCHITECTURE','URBAN_CONSTRUCTION_ENGINEERING','URBAN_CONVERGENCE','URBAN_ENGINEERING','URBAN_POLICY_PLANNING') not null
2025-10-07 16:53:17.441 [main] DEBUG org.hibernate.SQL - 
    alter table Member 
       modify column role enum ('ADMIN','BANNED','USER') not null
2025-10-07 16:53:17.450 [main] DEBUG org.hibernate.SQL - 
    alter table Member 
       modify column studentType enum ('EXCHANGE','GRADUATE','LANGUAGE','OTHER','UNDERGRADUATE') not null
2025-10-07 16:53:17.491 [main] INFO  o.s.o.j.LocalContainerEntityManagerFactoryBean - Initialized JPA EntityManagerFactory for persistence unit 'mysql'
2025-10-07 16:53:17.765 [main] INFO  o.s.d.j.r.query.QueryEnhancerFactory - Hibernate is in classpath; If applicable, HQL parser will be used.
2025-10-07 16:53:18.492 [main] WARN  o.s.b.a.o.j.JpaBaseConfiguration$JpaWebConfiguration - spring.jpa.open-in-view is enabled by default. Therefore, database queries may be performed during view rendering. Explicitly configure spring.jpa.open-in-view to disable this warning
2025-10-07 16:53:18.511 [main] INFO  o.s.s.c.a.a.c.InitializeUserDetailsBeanManagerConfigurer$InitializeUserDetailsManagerConfigurer - Global AuthenticationManager configured with UserDetailsService bean with name memberDetailService
2025-10-07 16:53:18.960 [main] INFO  o.a.coyote.http11.Http11NioProtocol - Starting ProtocolHandler ["http-nio-8080"]
2025-10-07 16:53:18.970 [main] INFO  o.s.b.w.e.tomcat.TomcatWebServer - Tomcat started on port 8080 (http) with context path '/'
2025-10-07 16:53:18.975 [main] INFO  com.example.ingle.IngleApplication - Started IngleApplication in 4.42 seconds (process running for 4.867)
2025-10-07 16:55:25.231 [http-nio-8080-exec-2] INFO  o.a.c.c.C.[Tomcat].[localhost].[/] - Initializing Spring DispatcherServlet 'dispatcherServlet'
2025-10-07 16:55:25.232 [http-nio-8080-exec-2] INFO  o.s.web.servlet.DispatcherServlet - Initializing Servlet 'dispatcherServlet'
2025-10-07 16:55:25.240 [http-nio-8080-exec-2] INFO  o.s.web.servlet.DispatcherServlet - Completed initialization in 8 ms
2025-10-07 16:55:32.511 [http-nio-8080-exec-4] INFO  c.e.i.d.member.service.AuthService - $2a$12$qpJhZjDkiSSfCcZveNt2J.mex1Mek2uA1kjhabVkT8YdpOPWiCC96
2025-10-07 16:55:32.512 [http-nio-8080-exec-4] INFO  c.e.i.d.member.service.AuthService - 관리자 로그인 발생
2025-10-07 16:55:32.553 [http-nio-8080-exec-4] DEBUG org.hibernate.SQL - 
    select
        m1_0.id,
        m1_0.country,
        m1_0.created_at,
        m1_0.department,
        m1_0.image_url,
        m1_0.nickname,
        m1_0.role,
        m1_0.student_id,
        m1_0.studentType 
    from
        Member m1_0 
    where
        m1_0.student_id=?
2025-10-07 16:55:32.555 [http-nio-8080-exec-4] INFO  c.e.i.d.member.service.AuthService - [회원 가입 필요] studentId: admin
2025-10-07 16:55:32.557 [http-nio-8080-exec-4] INFO  c.e.i.global.config.LoggingConfig - user=null POST /api/v1/auth/login 438ms
2025-10-07 17:01:48.515 [SpringApplicationShutdownHook] INFO  o.s.o.j.LocalContainerEntityManagerFactoryBean - Closing JPA EntityManagerFactory for persistence unit 'mysql'
2025-10-07 17:01:48.517 [SpringApplicationShutdownHook] INFO  com.zaxxer.hikari.HikariDataSource - HikariPool-1 - Shutdown initiated...
2025-10-07 17:01:48.523 [SpringApplicationShutdownHook] INFO  com.zaxxer.hikari.HikariDataSource - HikariPool-1 - Shutdown completed.
