2025-11-06 15:24:13.486 [background-preinit] INFO  o.h.validator.internal.util.Version - HV000001: Hibernate Validator 8.0.1.Final
2025-11-06 15:24:13.512 [main] INFO  com.example.ingle.IngleApplication - Starting IngleApplication using Java 17.0.12 with PID 63481 (/Users/dongkyun/Project/Ingle(잉글)/ingle-server/build/classes/java/main started by dongkyun in /Users/dongkyun/Project/Ingle(잉글)/ingle-server)
2025-11-06 15:24:13.512 [main] INFO  com.example.ingle.IngleApplication - The following 1 profile is active: "local"
2025-11-06 15:24:13.964 [main] INFO  o.s.d.r.c.RepositoryConfigurationDelegate - Multiple Spring Data modules found, entering strict repository configuration mode
2025-11-06 15:24:13.964 [main] INFO  o.s.d.r.c.RepositoryConfigurationDelegate - Bootstrapping Spring Data JPA repositories in DEFAULT mode.
2025-11-06 15:24:14.082 [main] INFO  o.s.d.r.c.RepositoryConfigurationDelegate - Finished Spring Data repository scanning in 113 ms. Found 10 JPA repository interfaces.
2025-11-06 15:24:14.274 [main] INFO  o.s.d.r.c.RepositoryConfigurationDelegate - Multiple Spring Data modules found, entering strict repository configuration mode
2025-11-06 15:24:14.274 [main] INFO  o.s.d.r.c.RepositoryConfigurationDelegate - Bootstrapping Spring Data Redis repositories in DEFAULT mode.
2025-11-06 15:24:14.293 [main] INFO  o.s.d.r.c.RepositoryConfigurationExtensionSupport - Spring Data Redis - Could not safely identify store assignment for repository candidate interface com.example.ingle.domain.building.repository.BuildingRepository; If you want this repository to be a Redis repository, consider annotating your entities with one of these annotations: org.springframework.data.redis.core.RedisHash (preferred), or consider extending one of the following types with your repository: org.springframework.data.keyvalue.repository.KeyValueRepository
2025-11-06 15:24:14.293 [main] INFO  o.s.d.r.c.RepositoryConfigurationExtensionSupport - Spring Data Redis - Could not safely identify store assignment for repository candidate interface com.example.ingle.domain.building.repository.ClosedDayRepository; If you want this repository to be a Redis repository, consider annotating your entities with one of these annotations: org.springframework.data.redis.core.RedisHash (preferred), or consider extending one of the following types with your repository: org.springframework.data.keyvalue.repository.KeyValueRepository
2025-11-06 15:24:14.294 [main] INFO  o.s.d.r.c.RepositoryConfigurationExtensionSupport - Spring Data Redis - Could not safely identify store assignment for repository candidate interface com.example.ingle.domain.feedback.repository.FeedbackRepository; If you want this repository to be a Redis repository, consider annotating your entities with one of these annotations: org.springframework.data.redis.core.RedisHash (preferred), or consider extending one of the following types with your repository: org.springframework.data.keyvalue.repository.KeyValueRepository
2025-11-06 15:24:14.294 [main] INFO  o.s.d.r.c.RepositoryConfigurationExtensionSupport - Spring Data Redis - Could not safely identify store assignment for repository candidate interface com.example.ingle.domain.image.repository.ImageRepository; If you want this repository to be a Redis repository, consider annotating your entities with one of these annotations: org.springframework.data.redis.core.RedisHash (preferred), or consider extending one of the following types with your repository: org.springframework.data.keyvalue.repository.KeyValueRepository
2025-11-06 15:24:14.294 [main] INFO  o.s.d.r.c.RepositoryConfigurationExtensionSupport - Spring Data Redis - Could not safely identify store assignment for repository candidate interface com.example.ingle.domain.member.repository.MemberRepository; If you want this repository to be a Redis repository, consider annotating your entities with one of these annotations: org.springframework.data.redis.core.RedisHash (preferred), or consider extending one of the following types with your repository: org.springframework.data.keyvalue.repository.KeyValueRepository
2025-11-06 15:24:14.294 [main] INFO  o.s.d.r.c.RepositoryConfigurationExtensionSupport - Spring Data Redis - Could not safely identify store assignment for repository candidate interface com.example.ingle.domain.member.repository.WithdrawalReasonRepository; If you want this repository to be a Redis repository, consider annotating your entities with one of these annotations: org.springframework.data.redis.core.RedisHash (preferred), or consider extending one of the following types with your repository: org.springframework.data.keyvalue.repository.KeyValueRepository
2025-11-06 15:24:14.294 [main] INFO  o.s.d.r.c.RepositoryConfigurationExtensionSupport - Spring Data Redis - Could not safely identify store assignment for repository candidate interface com.example.ingle.domain.stamp.repository.MemberStampRepository; If you want this repository to be a Redis repository, consider annotating your entities with one of these annotations: org.springframework.data.redis.core.RedisHash (preferred), or consider extending one of the following types with your repository: org.springframework.data.keyvalue.repository.KeyValueRepository
2025-11-06 15:24:14.294 [main] INFO  o.s.d.r.c.RepositoryConfigurationExtensionSupport - Spring Data Redis - Could not safely identify store assignment for repository candidate interface com.example.ingle.domain.stamp.repository.StampRepository; If you want this repository to be a Redis repository, consider annotating your entities with one of these annotations: org.springframework.data.redis.core.RedisHash (preferred), or consider extending one of the following types with your repository: org.springframework.data.keyvalue.repository.KeyValueRepository
2025-11-06 15:24:14.295 [main] INFO  o.s.d.r.c.RepositoryConfigurationExtensionSupport - Spring Data Redis - Could not safely identify store assignment for repository candidate interface com.example.ingle.domain.tutorial.repository.TutorialRepository; If you want this repository to be a Redis repository, consider annotating your entities with one of these annotations: org.springframework.data.redis.core.RedisHash (preferred), or consider extending one of the following types with your repository: org.springframework.data.keyvalue.repository.KeyValueRepository
2025-11-06 15:24:14.295 [main] INFO  o.s.d.r.c.RepositoryConfigurationExtensionSupport - Spring Data Redis - Could not safely identify store assignment for repository candidate interface com.example.ingle.global.jwt.refreshToken.RefreshTokenRepository; If you want this repository to be a Redis repository, consider annotating your entities with one of these annotations: org.springframework.data.redis.core.RedisHash (preferred), or consider extending one of the following types with your repository: org.springframework.data.keyvalue.repository.KeyValueRepository
2025-11-06 15:24:14.295 [main] INFO  o.s.d.r.c.RepositoryConfigurationDelegate - Finished Spring Data repository scanning in 14 ms. Found 0 Redis repository interfaces.
2025-11-06 15:24:14.828 [main] INFO  o.s.b.w.e.tomcat.TomcatWebServer - Tomcat initialized with port 8080 (http)
2025-11-06 15:24:14.835 [main] INFO  o.a.coyote.http11.Http11NioProtocol - Initializing ProtocolHandler ["http-nio-8080"]
2025-11-06 15:24:14.837 [main] INFO  o.a.catalina.core.StandardService - Starting service [Tomcat]
2025-11-06 15:24:14.837 [main] INFO  o.a.catalina.core.StandardEngine - Starting Servlet engine: [Apache Tomcat/10.1.28]
2025-11-06 15:24:14.872 [main] INFO  o.a.c.c.C.[Tomcat].[localhost].[/] - Initializing Spring embedded WebApplicationContext
2025-11-06 15:24:14.872 [main] INFO  o.s.b.w.s.c.ServletWebServerApplicationContext - Root WebApplicationContext: initialization completed in 1334 ms
2025-11-06 15:24:14.979 [main] INFO  o.h.jpa.internal.util.LogHelper - HHH000204: Processing PersistenceUnitInfo [name: mysql]
2025-11-06 15:24:15.021 [main] INFO  org.hibernate.Version - HHH000412: Hibernate ORM core version 6.5.2.Final
2025-11-06 15:24:15.046 [main] INFO  o.h.c.i.RegionFactoryInitiator - HHH000026: Second-level cache disabled
2025-11-06 15:24:15.311 [main] INFO  o.s.o.j.p.SpringPersistenceUnitInfo - No LoadTimeWeaver setup: ignoring JPA class transformer
2025-11-06 15:24:15.328 [main] INFO  com.zaxxer.hikari.HikariDataSource - HikariPool-1 - Starting...
2025-11-06 15:24:15.520 [main] INFO  com.zaxxer.hikari.pool.HikariPool - HikariPool-1 - Added connection com.mysql.cj.jdbc.ConnectionImpl@25a52a60
2025-11-06 15:24:15.522 [main] INFO  com.zaxxer.hikari.HikariDataSource - HikariPool-1 - Start completed.
2025-11-06 15:24:15.584 [main] WARN  org.hibernate.orm.deprecation - HHH90000025: MySQLDialect does not need to be specified explicitly using 'hibernate.dialect' (remove the property setting and it will be selected by default)
2025-11-06 15:24:16.245 [main] INFO  o.h.e.t.j.p.i.JtaPlatformInitiator - HHH000489: No JTA platform available (set 'hibernate.transaction.jta.platform' to enable JTA platform integration)
2025-11-06 15:24:16.326 [main] DEBUG org.hibernate.SQL - 
    alter table Building 
       modify column building_category enum ('BUS_STOP','CAFE','CONVENIENCE_STORE','RESTAURANT','SCHOOL_BUILDING','SMOKING_BOOTH') not null
2025-11-06 15:24:16.382 [main] DEBUG org.hibernate.SQL - 
    alter table closed_day 
       modify column closed_day enum ('FRIDAY','MONDAY','NONE','SATURDAY','SUNDAY','THURSDAY','TUESDAY','WEDNESDAY') not null
2025-11-06 15:24:16.398 [main] DEBUG org.hibernate.SQL - 
    alter table Member 
       modify column country enum ('AFGHANISTAN','ANGOLA','AUSTRALIA','AUSTRIA','AZERBAIJAN','BANGLADESH','BELGIUM','BOLIVIA','BRAZIL','CAMBODIA','CANADA','CHILE','CHINA','COSTA_RICA','COTE_DIVOIRE','CROATIA','CZECH_REPUBLIC','DENMARK','DOMINICAN_REPUBLIC','EGYPT','ETHIOPIA','FINLAND','FRANCE','GABON','GEORGIA','GERMANY','GHANA','GUATEMALA','HONDURAS','HUNGARY','INDIA','INDONESIA','ISRAEL','ITALY','JAPAN','KAZAKHSTAN','KYRGYZSTAN','LAOS','LATVIA','MALAYSIA','MEXICO','MOLDOVA','MONGOLIA','NEPAL','NETHERLANDS','NEW_ZEALAND','PAKISTAN','PANAMA','PARAGUAY','PERU','PHILIPPINES','POLAND','PORTUGAL','ROMANIA','RWANDA','SENEGAL','SINGAPORE','SLOVENIA','SOUTH_AFRICA','SOUTH_KOREA','SPAIN','SRI_LANKA','SWITZERLAND','TAIWAN','TANZANIA','THAILAND','TURKEY','UKRAINE','UNITED_ARAB_EMIRATES','UNITED_KINGDOM','UNITED_STATES','UZBEKISTAN','VENEZUELA','VIETNAM','ZAMBIA') not null
2025-11-06 15:24:16.412 [main] DEBUG org.hibernate.SQL - 
    alter table Member 
       modify column department enum ('ARCHITECTURE','ARTIFICIAL_INTELLIGENCE','ART_EDUCATION','BEAUTY_INDUSTRY','BIOENGINEERING','BIO_HEALTH_CONVERGENCE','BIO_NANO_ENGINEERING','BIO_ROBOTICS_ENGINEERING','BUSINESS_ADMINISTRATION','CHEMISTRY','CHILD_ART_THERAPY','CHINESE_STUDIES','CIVIL_ENVIRONMENT_ENGINEERING','CLIMATE_INTERNATIONAL_COOPERATION','CLOTHING_TEXTILES','COMPUTER_ENGINEERING','CONSUMER_SCIENCE','CONVERGENCE','CONVERGENCE_DESIGN','COUNSELING_PSYCHOLOGY','CREATIVE_HRD','CREATIVITY_GIFTED_EDUCATION','CRISIS_MANAGEMENT','DATA_SCIENCE','DESIGN','DESIGN_ART','EARLY_CHILDHOOD_EDUCATION','ECONOMICS','EDUCATION','EDUCATION_ADMINISTRATION_LEADERSHIP','ELECTRICAL_ENGINEERING','ELECTRONICS_ENGINEERING','EMBEDDED_SYSTEM','ENERGY_CHEMICAL','ENGLISH_EDUCATION','ENGLISH_LITERATURE','ENVIRONMENTAL_ENERGY_ENGINEERING','ETHICS','ETHICS_EDUCATION','FASHION_INDUSTRY','FINE_ART','FINE_ARTS','FRENCH_STUDIES','FUTURE_MOBILITY','GENERAL_PUBLIC_ADMINISTRATION','GERMAN_STUDIES','HEALTH_EXERCISE','HISTORY_EDUCATION','IBE','INDUSTRIAL_MANAGEMENT','INFORMATION_COMMUNICATION_ENGINEERING','INSTRUCTIONAL_DESIGN_CONSULTING','INTELLIGENT_SEMICONDUCTOR','INTERNATIONAL_LIBERAL_ARTS','JAPANESE_EDUCATION','JAPANESE_LITERATURE','JUDICIAL_ADMINISTRATION','KOREAN_EDUCATION','KOREAN_EDUCATION_STUDIES','KOREAN_LITERATURE','LAW','LEGISLATIVE_SECURITY_STUDIES','LIBERAL_ARTS','LIBRARY_INFO','LIFELONG_VOCATIONAL_EDUCATION','LIFE_SCIENCE','LOCAL_CULTURE','LOGISTICS_MANAGEMENT','LOGISTICS_SYSTEM','MARINE_SCIENCE','MATERIAL_SCIENCE','MATHEMATICS','MATH_EDUCATION','MECHANICAL_EDUCATION','MECHANICAL_ENGINEERING','MECHATRONICS_ENGINEERING','MEDIA_COMMUNICATION','MEDIA_EDUCATION','NATURE_EARLY_EDUCATION','NORTHEAST_ASIAN_TRADE','PERFORMING_ART','PHYSICAL','PHYSICAL_EDUCATION','PHYSICS','POLITICS_DIPLOMACY','PUBLIC_ADMINISTRATION','SAFETY_ENGINEERING','SMART_LOGISTICS_ENGINEERING','SOCIAL_WELFARE','SPORTS_CULTURE_ADMINISTRATION','SPORTS_SCIENCE','TAX_ACCOUNTING','TECHNO_MANAGEMENT','TOURISM_CONVENTION_ENTERTAINMENT','TRADE','URBAN_ADMINISTRATION','URBAN_ARCHITECTURE','URBAN_CONSTRUCTION_ENGINEERING','URBAN_CONVERGENCE','URBAN_ENGINEERING','URBAN_POLICY_PLANNING') not null
2025-11-06 15:24:16.424 [main] DEBUG org.hibernate.SQL - 
    alter table Member 
       modify column role enum ('ADMIN','BANNED','USER') not null
2025-11-06 15:24:16.432 [main] DEBUG org.hibernate.SQL - 
    alter table Member 
       modify column studentType enum ('EXCHANGE','GRADUATE','LANGUAGE','OTHER','UNDERGRADUATE') not null
2025-11-06 15:24:16.463 [main] INFO  o.s.o.j.LocalContainerEntityManagerFactoryBean - Initialized JPA EntityManagerFactory for persistence unit 'mysql'
2025-11-06 15:24:16.672 [main] INFO  o.s.d.j.r.query.QueryEnhancerFactory - Hibernate is in classpath; If applicable, HQL parser will be used.
2025-11-06 15:24:17.539 [main] WARN  o.s.b.a.o.j.JpaBaseConfiguration$JpaWebConfiguration - spring.jpa.open-in-view is enabled by default. Therefore, database queries may be performed during view rendering. Explicitly configure spring.jpa.open-in-view to disable this warning
2025-11-06 15:24:17.561 [main] INFO  o.s.s.c.a.a.c.InitializeUserDetailsBeanManagerConfigurer$InitializeUserDetailsManagerConfigurer - Global AuthenticationManager configured with UserDetailsService bean with name memberDetailService
2025-11-06 15:24:18.106 [main] INFO  o.a.coyote.http11.Http11NioProtocol - Starting ProtocolHandler ["http-nio-8080"]
2025-11-06 15:24:18.120 [main] INFO  o.s.b.w.e.tomcat.TomcatWebServer - Tomcat started on port 8080 (http) with context path '/'
2025-11-06 15:24:18.128 [main] INFO  com.example.ingle.IngleApplication - Started IngleApplication in 4.935 seconds (process running for 5.326)
2025-11-06 15:24:37.392 [SpringApplicationShutdownHook] INFO  o.s.o.j.LocalContainerEntityManagerFactoryBean - Closing JPA EntityManagerFactory for persistence unit 'mysql'
2025-11-06 15:24:37.394 [SpringApplicationShutdownHook] INFO  com.zaxxer.hikari.HikariDataSource - HikariPool-1 - Shutdown initiated...
2025-11-06 15:24:37.406 [SpringApplicationShutdownHook] INFO  com.zaxxer.hikari.HikariDataSource - HikariPool-1 - Shutdown completed.
